c:\users\prabhanshu\source\repos\csc8503 2021\x64\debug\csc8503common.pdb
c:\users\prabhanshu\source\repos\csc8503 2021\x64\debug\csc8503common.idb
c:\users\prabhanshu\source\repos\csc8503 2021\csc8503\csc8503common\x64\debug\statemachine.obj
c:\users\prabhanshu\source\repos\csc8503 2021\csc8503\csc8503common\x64\debug\rotatestatemachine.obj
c:\users\prabhanshu\source\repos\csc8503 2021\csc8503\csc8503common\x64\debug\renderobject.obj
c:\users\prabhanshu\source\repos\csc8503 2021\csc8503\csc8503common\x64\debug\rampstatemachine.obj
c:\users\prabhanshu\source\repos\csc8503 2021\csc8503\csc8503common\x64\debug\quadtree.obj
c:\users\prabhanshu\source\repos\csc8503 2021\csc8503\csc8503common\x64\debug\pushdownstate.obj
c:\users\prabhanshu\source\repos\csc8503 2021\csc8503\csc8503common\x64\debug\pushdownmachine.obj
c:\users\prabhanshu\source\repos\csc8503 2021\csc8503\csc8503common\x64\debug\positionconstraint.obj
c:\users\prabhanshu\source\repos\csc8503 2021\csc8503\csc8503common\x64\debug\physicssystem.obj
c:\users\prabhanshu\source\repos\csc8503 2021\csc8503\csc8503common\x64\debug\physicsobject.obj
c:\users\prabhanshu\source\repos\csc8503 2021\csc8503\csc8503common\x64\debug\oscillatestatemachine.obj
c:\users\prabhanshu\source\repos\csc8503 2021\csc8503\csc8503common\x64\debug\navigationmesh.obj
c:\users\prabhanshu\source\repos\csc8503 2021\csc8503\csc8503common\x64\debug\navigationgrid.obj
c:\users\prabhanshu\source\repos\csc8503 2021\csc8503\csc8503common\x64\debug\movingstatemachine.obj
c:\users\prabhanshu\source\repos\csc8503 2021\csc8503\csc8503common\x64\debug\gameworld.obj
c:\users\prabhanshu\source\repos\csc8503 2021\csc8503\csc8503common\x64\debug\gameobject.obj
c:\users\prabhanshu\source\repos\csc8503 2021\csc8503\csc8503common\x64\debug\debug.obj
c:\users\prabhanshu\source\repos\csc8503 2021\csc8503\csc8503common\x64\debug\collisiondetection.obj
c:\users\prabhanshu\source\repos\csc8503 2021\csc8503\csc8503common\x64\debug\axisconstraint.obj
c:\users\prabhanshu\source\repos\csc8503 2021\csc8503\csc8503common\x64\debug\attachstatemachine.obj
c:\users\prabhanshu\source\repos\csc8503 2021\csc8503\csc8503common\x64\debug\triggergameobject.obj
c:\users\prabhanshu\source\repos\csc8503 2021\csc8503\csc8503common\x64\debug\transform.obj
c:\users\prabhanshu\source\repos\csc8503 2021\csc8503\csc8503common\x64\debug\springstatemachine.obj
c:\users\prabhanshu\source\repos\csc8503 2021\csc8503\csc8503common\x64\debug\statetransition.obj
c:\users\prabhanshu\source\repos\csc8503 2021\x64\debug\csc8503common.lib
c:\users\prabhanshu\source\repos\csc8503 2021\csc8503\csc8503common\x64\debug\csc8503common.tlog\cl.command.1.tlog
c:\users\prabhanshu\source\repos\csc8503 2021\csc8503\csc8503common\x64\debug\csc8503common.tlog\cl.read.1.tlog
c:\users\prabhanshu\source\repos\csc8503 2021\csc8503\csc8503common\x64\debug\csc8503common.tlog\cl.write.1.tlog
c:\users\prabhanshu\source\repos\csc8503 2021\csc8503\csc8503common\x64\debug\csc8503common.tlog\lib-link.read.1.tlog
c:\users\prabhanshu\source\repos\csc8503 2021\csc8503\csc8503common\x64\debug\csc8503common.tlog\lib-link.write.1.tlog
c:\users\prabhanshu\source\repos\csc8503 2021\csc8503\csc8503common\x64\debug\csc8503common.tlog\lib.command.1.tlog
