c:\users\prabhanshu\source\repos\csc8503 2021\csc8503\gametech\x64\debug\vc142.pdb
c:\users\prabhanshu\source\repos\csc8503 2021\csc8503\gametech\x64\debug\vc142.idb
c:\users\prabhanshu\source\repos\csc8503 2021\csc8503\gametech\x64\debug\screwball.obj
c:\users\prabhanshu\source\repos\csc8503 2021\csc8503\gametech\x64\debug\stategameobject.obj
c:\users\prabhanshu\source\repos\csc8503 2021\csc8503\gametech\x64\debug\pushdownmachine.obj
c:\users\prabhanshu\source\repos\csc8503 2021\csc8503\gametech\x64\debug\mainmenu.obj
c:\users\prabhanshu\source\repos\csc8503 2021\csc8503\gametech\x64\debug\main.obj
c:\users\prabhanshu\source\repos\csc8503 2021\csc8503\gametech\x64\debug\gametechrenderer.obj
c:\users\prabhanshu\source\repos\csc8503 2021\csc8503\gametech\x64\debug\evilmaze.obj
c:\users\prabhanshu\source\repos\csc8503 2021\csc8503\gametech\x64\debug\enemybehaviour.obj
c:\users\prabhanshu\source\repos\csc8503 2021\csc8503\gametech\x64\debug\behavioursequence.obj
c:\users\prabhanshu\source\repos\csc8503 2021\csc8503\gametech\x64\debug\behaviourselector.obj
c:\users\prabhanshu\source\repos\csc8503 2021\csc8503\gametech\x64\debug\behaviournodewithchildren.obj
c:\users\prabhanshu\source\repos\csc8503 2021\csc8503\gametech\x64\debug\behaviournode.obj
c:\users\prabhanshu\source\repos\csc8503 2021\csc8503\gametech\x64\debug\behaviouraction.obj
c:\users\prabhanshu\source\repos\csc8503 2021\csc8503\gametech\x64\debug\gametech.ilk
c:\users\prabhanshu\source\repos\csc8503 2021\x64\debug\gametech.exe
c:\users\prabhanshu\source\repos\csc8503 2021\x64\debug\gametech.pdb
c:\users\prabhanshu\source\repos\csc8503 2021\csc8503\gametech\x64\debug\gametech.tlog\cl.command.1.tlog
c:\users\prabhanshu\source\repos\csc8503 2021\csc8503\gametech\x64\debug\gametech.tlog\cl.read.1.tlog
c:\users\prabhanshu\source\repos\csc8503 2021\csc8503\gametech\x64\debug\gametech.tlog\cl.write.1.tlog
c:\users\prabhanshu\source\repos\csc8503 2021\csc8503\gametech\x64\debug\gametech.tlog\link.command.1.tlog
c:\users\prabhanshu\source\repos\csc8503 2021\csc8503\gametech\x64\debug\gametech.tlog\link.read.1.tlog
c:\users\prabhanshu\source\repos\csc8503 2021\csc8503\gametech\x64\debug\gametech.tlog\link.write.1.tlog
